******************************************
2017-04-11 21:37:05
******************************************
******************************************
2017-05-06 20:14:50
******************************************
发现冲突:
[compile]F:\libs\maven\io\netty\netty\3.7.0.Final\netty-3.7.0.Final.jar
[compile]F:\libs\maven\org\jboss\netty\netty\3.2.5.Final\netty-3.2.5.Final.jar
冲突类:org/jboss/netty/bootstrap/Bootstrap.class
******************************************
2017-05-06 20:29:52
******************************************
发现冲突:
[compile]F:\libs\maven\io\netty\netty\3.7.0.Final\netty-3.7.0.Final.jar
[compile]F:\libs\maven\org\jboss\netty\netty\3.2.5.Final\netty-3.2.5.Final.jar
冲突类:org/jboss/netty/bootstrap/Bootstrap.class
******************************************
2017-06-21 10:10:32
******************************************
发现冲突:
[compile]F:\libs\maven\io\netty\netty\3.7.0.Final\netty-3.7.0.Final.jar
[compile]F:\libs\maven\org\jboss\netty\netty\3.2.5.Final\netty-3.2.5.Final.jar
冲突类:org/jboss/netty/bootstrap/Bootstrap.class
发现冲突:
[compile]F:\libs\maven\commons-beanutils\commons-beanutils-core\1.8.3\commons-beanutils-core-1.8.3.jar
[compile]F:\libs\maven\commons-beanutils\commons-beanutils\1.9.2\commons-beanutils-1.9.2.jar
冲突类:org/apache/commons/beanutils/BasicDynaBean.class
******************************************
2017-06-21 10:10:49
******************************************
发现冲突:
[compile]F:\libs\maven\io\netty\netty\3.7.0.Final\netty-3.7.0.Final.jar
[compile]F:\libs\maven\org\jboss\netty\netty\3.2.5.Final\netty-3.2.5.Final.jar
冲突类:org/jboss/netty/bootstrap/Bootstrap.class
发现冲突:
[compile]F:\libs\maven\commons-beanutils\commons-beanutils-core\1.8.3\commons-beanutils-core-1.8.3.jar
[compile]F:\libs\maven\commons-beanutils\commons-beanutils\1.9.2\commons-beanutils-1.9.2.jar
冲突类:org/apache/commons/beanutils/BasicDynaBean.class
******************************************
2017-06-21 10:28:50
******************************************
发现冲突:
[compile]F:\libs\maven\io\netty\netty\3.7.0.Final\netty-3.7.0.Final.jar
[compile]F:\libs\maven\org\jboss\netty\netty\3.2.5.Final\netty-3.2.5.Final.jar
冲突类:org/jboss/netty/bootstrap/Bootstrap.class
发现冲突:
[compile]F:\libs\maven\commons-beanutils\commons-beanutils-core\1.8.3\commons-beanutils-core-1.8.3.jar
[compile]F:\libs\maven\commons-beanutils\commons-beanutils\1.9.2\commons-beanutils-1.9.2.jar
冲突类:org/apache/commons/beanutils/BasicDynaBean.class
******************************************
2017-06-21 10:29:06
******************************************
发现冲突:
[compile]F:\libs\maven\io\netty\netty\3.7.0.Final\netty-3.7.0.Final.jar
[compile]F:\libs\maven\org\jboss\netty\netty\3.2.5.Final\netty-3.2.5.Final.jar
冲突类:org/jboss/netty/bootstrap/Bootstrap.class
发现冲突:
[compile]F:\libs\maven\commons-beanutils\commons-beanutils-core\1.8.3\commons-beanutils-core-1.8.3.jar
[compile]F:\libs\maven\commons-beanutils\commons-beanutils\1.9.2\commons-beanutils-1.9.2.jar
冲突类:org/apache/commons/beanutils/BasicDynaBean.class
******************************************
2017-06-21 10:46:58
******************************************
发现冲突:
[compile]F:\libs\maven\io\netty\netty\3.7.0.Final\netty-3.7.0.Final.jar
[compile]F:\libs\maven\org\jboss\netty\netty\3.2.5.Final\netty-3.2.5.Final.jar
冲突类:org/jboss/netty/bootstrap/Bootstrap.class
发现冲突:
[compile]F:\libs\maven\commons-beanutils\commons-beanutils-core\1.8.3\commons-beanutils-core-1.8.3.jar
[compile]F:\libs\maven\commons-beanutils\commons-beanutils\1.9.2\commons-beanutils-1.9.2.jar
冲突类:org/apache/commons/beanutils/BasicDynaBean.class
******************************************
2017-06-21 11:08:45
******************************************
发现冲突:
[compile]F:\libs\maven\io\netty\netty\3.7.0.Final\netty-3.7.0.Final.jar
[compile]F:\libs\maven\org\jboss\netty\netty\3.2.5.Final\netty-3.2.5.Final.jar
冲突类:org/jboss/netty/bootstrap/Bootstrap.class
发现冲突:
[compile]F:\libs\maven\commons-beanutils\commons-beanutils-core\1.8.3\commons-beanutils-core-1.8.3.jar
[compile]F:\libs\maven\commons-beanutils\commons-beanutils\1.9.2\commons-beanutils-1.9.2.jar
冲突类:org/apache/commons/beanutils/BasicDynaBean.class
******************************************
2017-06-21 11:27:15
******************************************
发现冲突:
[compile]F:\libs\maven\io\netty\netty\3.7.0.Final\netty-3.7.0.Final.jar
[compile]F:\libs\maven\org\jboss\netty\netty\3.2.5.Final\netty-3.2.5.Final.jar
冲突类:org/jboss/netty/bootstrap/Bootstrap.class
发现冲突:
[compile]F:\libs\maven\commons-beanutils\commons-beanutils-core\1.8.3\commons-beanutils-core-1.8.3.jar
[compile]F:\libs\maven\commons-beanutils\commons-beanutils\1.9.2\commons-beanutils-1.9.2.jar
冲突类:org/apache/commons/beanutils/BasicDynaBean.class
